Arguments: 
  C:\Program Files\nodejs\node.exe C:\Users\13006\AppData\Roaming\npm\node_modules\yarn\bin\yarn.js add multipartyMiddleWare

PATH: 
  C:\Program Files (x86)\VMware\VMware Workstation\bin\;C:\Windows\system32;C:\Windows;C:\Windows\System32\Wbem;C:\Windows\System32\WindowsPowerShell\v1.0\;C:\Windows\System32\OpenSSH\;C:\Program Files (x86)\NetSarang\Xshell 7\;C:\Program Files (x86)\dotnet\;D:\Git\cmd;%NVM_HOME%;%NVM_SYMLINK%;C:\Program Files (x86)\Tencent\微信web开发者工具\dll;C:\Users\13006\AppData\Local\Microsoft\WindowsApps;C:\Users\13006\AppData\Local\Programs\Microsoft VS Code\bin;C:\Program Files\Bandizip\;C:\MinGW\bin;C:\Users\13006\AppData\Roaming\npm;C:\Program Files\MySQL\MySQL Server 8.0\bin;C:\Program Files\MongoDB\Server\3.4\bin;D:\前端攻城狮的自我修养\德云IT-前端开发\草稿文件\js\node_modules\yarn\bin;C:\Program Files\JetBrains\WebStorm 2021.1.1\bin;;C:\Users\13006\AppData\Roaming\nvm;C:\Program Files\nodejs

Yarn version: 
  1.22.17

Node version: 
  14.18.1

Platform: 
  win32 x64

Trace: 
  Error: https://registry.yarnpkg.com/multipartyMiddleWare: Not found
      at Request.params.callback [as _callback] (C:\Users\13006\AppData\Roaming\npm\node_modules\yarn\lib\cli.js:67029:18)
      at Request.self.callback (C:\Users\13006\AppData\Roaming\npm\node_modules\yarn\lib\cli.js:140883:22)
      at Request.emit (events.js:400:28)
      at Request.<anonymous> (C:\Users\13006\AppData\Roaming\npm\node_modules\yarn\lib\cli.js:141855:10)
      at Request.emit (events.js:400:28)
      at IncomingMessage.<anonymous> (C:\Users\13006\AppData\Roaming\npm\node_modules\yarn\lib\cli.js:141777:12)
      at Object.onceWrapper (events.js:519:28)
      at IncomingMessage.emit (events.js:412:35)
      at endReadableNT (internal/streams/readable.js:1334:12)
      at processTicksAndRejections (internal/process/task_queues.js:82:21)

npm manifest: 
  {
    "name": "untitled",
    "version": "0.0.0",
    "private": true,
    "scripts": {
      "start": "node ./bin/www"
    },
    "dependencies": {
      "cookie-parser": "~1.4.4",
      "cors": "^2.8.5",
      "crypto": "^1.0.1",
      "debug": "~2.6.9",
      "express": "~4.16.1",
      "http-errors": "~1.6.3",
      "jsonwebtoken": "^8.5.1",
      "morgan": "~1.9.1",
      "mysql2": "^2.3.3",
      "pug": "2.0.0-beta11",
      "sequelize": "^6.17.0"
    }
  }

yarn manifest: 
  No manifest

Lockfile: 
  No lockfile
